#
# A fatal error has been detected by the Java Runtime Environment:
#
#  SIGSEGV (0xb) at pc=0x0000000103136440, pid=73755, tid=24835
#
# JRE version: OpenJDK Runtime Environment Homebrew (18.0.1.1) (build 18.0.1.1+0)
# Java VM: OpenJDK 64-Bit Server VM Homebrew (18.0.1.1+0, mixed mode, sharing, tiered, compressed oops, compressed class ptrs, g1 gc, bsd-aarch64)
# Problematic frame:
# C  [libjdwp.dylib+0x1a440]  commandLoop_exitVmDeathLockOnError+0x60
#
# No core dump will be written. Core dumps have been disabled. To enable core dumping, try "ulimit -c unlimited" before starting Java again
#
# If you would like to submit a bug report, please visit:
#   https://github.com/Homebrew/homebrew-core/issues
# The crash happened outside the Java Virtual Machine in native code.
# See problematic frame for where to report the bug.
#

---------------  S U M M A R Y ------------

Command Line: -agentlib:jdwp=transport=dt_socket,address=127.0.0.1:53873,suspend=y,server=n -ea -Didea.test.cyclic.buffer.size=1048576 -javaagent:/Users/pancake/Library/Caches/JetBrains/IdeaIC2022.2/captureAgent/debugger-agent.jar -Dfile.encoding=UTF-8 -Dsun.stdout.encoding=UTF-8 -Dsun.stderr.encoding=UTF-8 com.intellij.rt.junit.JUnitStarter -ideVersion5 -junit4 hw3.hash.TestSimpleOomage

Host: "Mac14,7" arm64, 8 cores, 16G, Darwin 21.6.0, macOS 12.5.1 (21G83)
Time: Mon Sep 26 15:39:48 2022 EDT elapsed time: 21.902207 seconds (0d 0h 0m 21s)

---------------  T H R E A D  ---------------

Current thread (0x000000014b84bc00):  JavaThread "JDWP Event Helper Thread" daemon [_thread_in_native, id=24835, stack(0x000000016f3fc000,0x000000016f5ff000)]

Stack: [0x000000016f3fc000,0x000000016f5ff000],  sp=0x000000016f5feaf0,  free space=2058k
Native frames: (J=compiled Java code, j=interpreted, Vv=VM code, C=native code)
C  [libjdwp.dylib+0x1a440]  commandLoop_exitVmDeathLockOnError+0x60
C  [libjdwp.dylib+0x127d4]  debugInit_exit+0x20
C  [libjdwp.dylib+0x196d8]  commandLoop+0xb0
V  [libjvm.dylib+0x551a18]  _ZN16JvmtiAgentThread19call_start_functionEv+0x40
V  [libjvm.dylib+0x7cd2a8]  _ZN10JavaThread17thread_main_innerEv+0xa0
V  [libjvm.dylib+0x7cd1ec]  _ZN10JavaThread3runEv+0x11c
V  [libjvm.dylib+0x7cbf10]  _ZN6Thread8call_runEv+0x8c
V  [libjvm.dylib+0x66d2dc]  _ZL19thread_native_entryP6Thread+0xcc
C  [libsystem_pthread.dylib+0x726c]  _pthread_start+0x94


siginfo: si_signo: 11 (SIGSEGV), si_code: 2 (SEGV_ACCERR), si_addr: 0x0000000000000000

Register to memory mapping:

 x0=0x0 is NULL
 x1=0x000000010314f3bc: <offset 0x333bc> in /opt/homebrew/Cellar/openjdk/18.0.1.1/libexec/openjdk.jdk/Contents/Home/lib/libjdwp.dylib at 0x000000010311c000
 x2=0x00000000000120a8 is an unknown value
 x3=0x000000016f5fd1e8 is pointing into the stack for thread: 0x000000014b84bc00
 x4=0x0000000000000560 is an unknown value
 x5=0x0000000000000008 is an unknown value
 x6=0x000000000000000a is an unknown value
 x7=0x0 is NULL
 x8=0x0000000103154b20: get_gdata.s+0 in /opt/homebrew/Cellar/openjdk/18.0.1.1/libexec/openjdk.jdk/Contents/Home/lib/libjdwp.dylib at 0x000000010311c000
 x9=0x0 is NULL
x10=0x0000010000000102 is an unknown value
x11=0x00000000fffffffd is an unknown value
x12=0x0000010000000000 is an unknown value
x13=0x0000000000000100 is an unknown value
x14=0x0000010000000000 is an unknown value
x15=0x0 is NULL
x16=0x0000000186fe7454: __error+0 in /usr/lib/system/libsystem_kernel.dylib at 0x0000000186fe5000
x17=0x00000001e1141968: <offset 0x5a25d968> in /usr/lib/system/libsystem_c.dylib at 0x0000000186ee4000
x18=0x0 is NULL
x19=0x000000010314f3bc: <offset 0x333bc> in /opt/homebrew/Cellar/openjdk/18.0.1.1/libexec/openjdk.jdk/Contents/Home/lib/libjdwp.dylib at 0x000000010311c000
x20=0x0000000103155268: gdata+0 in /opt/homebrew/Cellar/openjdk/18.0.1.1/libexec/openjdk.jdk/Contents/Home/lib/libjdwp.dylib at 0x000000010311c000
x21=0x0000000103154000: <offset 0x38000> in /opt/homebrew/Cellar/openjdk/18.0.1.1/libexec/openjdk.jdk/Contents/Home/lib/libjdwp.dylib at 0x000000010311c000
x22=0x0000000103154000: <offset 0x38000> in /opt/homebrew/Cellar/openjdk/18.0.1.1/libexec/openjdk.jdk/Contents/Home/lib/libjdwp.dylib at 0x000000010311c000
x23=0x0000000103155268: gdata+0 in /opt/homebrew/Cellar/openjdk/18.0.1.1/libexec/openjdk.jdk/Contents/Home/lib/libjdwp.dylib at 0x000000010311c000
x24=0x000000010314d58b: <offset 0x3158b> in /opt/homebrew/Cellar/openjdk/18.0.1.1/libexec/openjdk.jdk/Contents/Home/lib/libjdwp.dylib at 0x000000010311c000
x25=0x00000000ffffffa0 is an unknown value
x26=0x0000000103154000: <offset 0x38000> in /opt/homebrew/Cellar/openjdk/18.0.1.1/libexec/openjdk.jdk/Contents/Home/lib/libjdwp.dylib at 0x000000010311c000
x27=0x0000000103154000: <offset 0x38000> in /opt/homebrew/Cellar/openjdk/18.0.1.1/libexec/openjdk.jdk/Contents/Home/lib/libjdwp.dylib at 0x000000010311c000
x28=0x0 is NULL


Registers:
 x0=0x0000000000000000  x1=0x000000010314f3bc  x2=0x00000000000120a8  x3=0x000000016f5fd1e8
 x4=0x0000000000000560  x5=0x0000000000000008  x6=0x000000000000000a  x7=0x0000000000000000
 x8=0x0000000103154b20  x9=0x0000000000000000 x10=0x0000010000000102 x11=0x00000000fffffffd
x12=0x0000010000000000 x13=0x0000000000000100 x14=0x0000010000000000 x15=0x0000000000000000
x16=0x0000000186fe7454 x17=0x00000001e1141968 x18=0x0000000000000000 x19=0x000000010314f3bc
x20=0x0000000103155268 x21=0x0000000103154000 x22=0x0000000103154000 x23=0x0000000103155268
x24=0x000000010314d58b x25=0x00000000ffffffa0 x26=0x0000000103154000 x27=0x0000000103154000
x28=0x0000000000000000  fp=0x000000016f5feb40  lr=0x000000010312e7d4  sp=0x000000016f5feaf0
pc=0x0000000103136440 cpsr=0x0000000060001000
Top of Stack: (sp=0x000000016f5feaf0)
0x000000016f5feaf0:   000000010314ee46 000000010314f3bc
0x000000016f5feb00:   00000001dff7f978 0000000000000074
0x000000016f5feb10:   000000016f5feb30 000000010312f7f8
0x000000016f5feb20:   0000000103155000 0000000000000000
0x000000016f5feb30:   0000000000000074 000000010314f3bc
0x000000016f5feb40:   000000016f5feb90 000000010312e7d4
0x000000016f5feb50:   000000010314f3bc 000000010314ee46
0x000000016f5feb60:   0000000000000431 000060000319c780
0x000000016f5feb70:   0000000103154000 0000000103154000
0x000000016f5feb80:   0000000103154000 0000000103154000
0x000000016f5feb90:   000000016f5fee10 00000001031356d8
0x000000016f5feba0:   0000000000000000 0000000000000000
0x000000016f5febb0:   0000000000000000 0000000104959000
0x000000016f5febc0:   0000000000006103 000000000000000e
0x000000016f5febd0:   0000000000000018 0000000100000001
0x000000016f5febe0:   0000600003188500 0000000000000040
0x000000016f5febf0:   0000000000000060 0000000186f15764
0x000000016f5fec00:   000000014b84be90 000000016f5fee06
0x000000016f5fec10:   0000002100000000 0000600001fcbf20
0x000000016f5fec20:   000000016f5fec7a 0000000000000122
0x000000016f5fec30:   000000016f5fec38 000000000000000a
0x000000016f5fec40:   000000016f5fec70 0000000000000000
0x000000016f5fec50:   0000000100000000 000001f400000015
0x000000016f5fec60:   0000000000644000 000000016f5fec70
0x000000016f5fec70:   0000630100000000 0000000000000000
0x000000016f5fec80:   0000000000015916 4c190000005b1600
0x000000016f5fec90:   6e616c2f6176616a 6f64747568532f67
0x000000016f5feca0:   3b6b636f4c246e77 0807000007000000
0x000000016f5fecb0:   0000000002000000 0000000101000000
0x000000016f5fecc0:   0000005804000000 61682f3377684c1c
0x000000016f5fecd0:   67616d6f4f2f6873 6974557473655465
0x000000016f5fece0:   0000003b7974696c 3b72070000003b03 

Instructions: (pc=0x0000000103136440)
0x0000000103136340:   aa1903e0 52800001 94001d68 17fffda5
0x0000000103136350:   a9be4ff4 a9017bfd 910043fd aa0003f3
0x0000000103136360:   d00000f4 f9473e80 94003f80 d00000e8
0x0000000103136370:   b90e9513 d503201f 393a011f f9473e80
0x0000000103136380:   940040e3 f9473e80 94003fcb a9417bfd
0x0000000103136390:   a8c24ff4 17fffc71 a9bf7bfd 910003fd
0x00000001031363a0:   d503201f 580f56a0 94003f70 d503201f
0x00000001031363b0:   580f5740 a8c17bfd 14003f6c a9bf7bfd
0x00000001031363c0:   910003fd d503201f 580f5680 94003fba
0x00000001031363d0:   d503201f 580f5520 a8c17bfd 14003fb6
0x00000001031363e0:   d10183ff a9044ff4 a9057bfd 910143fd
0x00000001031363f0:   f81e83bf 100f73b4 d503201f f9400288
0x0000000103136400:   39482109 361001c9 7009cac0 d503201f
0x0000000103136410:   700b8561 d503201f 52806202 94000f9c
0x0000000103136420:   300b86a8 d503201f f90003e8 70099e60
0x0000000103136430:   d503201f 94000fc5 f9400288 f9400100
0x0000000103136440:   f9400008 f9404508 d10063a1 d63f0100
0x0000000103136450:   f9400288 b9420909 34000180 36380609
0x0000000103136460:   aa0003f3 3009a760 d503201f 700b8281
0x0000000103136470:   d503201f 52806262 94000f85 300b83c8
0x0000000103136480:   d503201f 14000022 361001c9 7009c6a0
0x0000000103136490:   d503201f 700b8141 d503201f 528062e2
0x00000001031364a0:   94000f7b 100a05e8 d503201f f90003e8
0x00000001031364b0:   70099a40 d503201f 94000fa4 f9400288
0x00000001031364c0:   f9400100 f9400008 f9402108 f85e83a1
0x00000001031364d0:   910063e2 d63f0100 340002a0 f9400288
0x00000001031364e0:   39482108 363801c8 aa0003f3 3009a320
0x00000001031364f0:   d503201f 700b7e41 d503201f 52806342
0x0000000103136500:   94000f63 100a02e8 d503201f a9004fe8
0x0000000103136510:   100b7c00 d503201f 94000f8c a9457bfd
0x0000000103136520:   a9444ff4 910183ff d65f03c0 f9400fe0
0x0000000103136530:   700b7a21 d503201f 94004aa8 35ffff00 


Stack slot to memory mapping:
stack at sp + 0 slots: 0x000000010314ee46: <offset 0x32e46> in /opt/homebrew/Cellar/openjdk/18.0.1.1/libexec/openjdk.jdk/Contents/Home/lib/libjdwp.dylib at 0x000000010311c000
stack at sp + 1 slots: 0x000000010314f3bc: <offset 0x333bc> in /opt/homebrew/Cellar/openjdk/18.0.1.1/libexec/openjdk.jdk/Contents/Home/lib/libjdwp.dylib at 0x000000010311c000
stack at sp + 2 slots: 0x00000001dff7f978: __sF+0x130 in /usr/lib/system/libsystem_c.dylib at 0x0000000186ee4000
stack at sp + 3 slots: 0x0000000000000074 is an unknown value
stack at sp + 4 slots: 0x000000016f5feb30 is pointing into the stack for thread: 0x000000014b84bc00
stack at sp + 5 slots: 0x000000010312f7f8: print_message+0x1c in /opt/homebrew/Cellar/openjdk/18.0.1.1/libexec/openjdk.jdk/Contents/Home/lib/libjdwp.dylib at 0x000000010311c000
stack at sp + 6 slots: 0x0000000103155000: open_count+0 in /opt/homebrew/Cellar/openjdk/18.0.1.1/libexec/openjdk.jdk/Contents/Home/lib/libjdwp.dylib at 0x000000010311c000
stack at sp + 7 slots: 0x0 is NULL


---------------  P R O C E S S  ---------------

Threads class SMR info:
_java_thread_list=0x0000600001f61560, length=14, elements={
0x000000014b80e200, 0x000000014b846200, 0x000000014b848a00, 0x000000012d008200,
0x000000013b808e00, 0x000000013b809400, 0x000000013b809a00, 0x000000013b80a000,
0x000000013b80a600, 0x000000012d008800, 0x000000012e808200, 0x000000014b84bc00,
0x000000012d00be00, 0x000000012d01c200
}

Java Threads: ( => current thread )
  0x000000014b80e200 JavaThread "main" [_thread_blocked, id=9987, stack(0x000000016d018000,0x000000016d21b000)]
  0x000000014b846200 JavaThread "Reference Handler" daemon [_thread_blocked, id=16643, stack(0x000000016de6c000,0x000000016e06f000)]
  0x000000014b848a00 JavaThread "Finalizer" daemon [_thread_blocked, id=17667, stack(0x000000016e078000,0x000000016e27b000)]
  0x000000012d008200 JavaThread "Signal Dispatcher" daemon [_thread_blocked, id=22787, stack(0x000000016e39c000,0x000000016e59f000)]
  0x000000013b808e00 JavaThread "Service Thread" daemon [_thread_blocked, id=23043, stack(0x000000016e5a8000,0x000000016e7ab000)]
  0x000000013b809400 JavaThread "Monitor Deflation Thread" daemon [_thread_blocked, id=41731, stack(0x000000016e7b4000,0x000000016e9b7000)]
  0x000000013b809a00 JavaThread "C2 CompilerThread0" daemon [_thread_blocked, id=23299, stack(0x000000016e9c0000,0x000000016ebc3000)]
  0x000000013b80a000 JavaThread "C1 CompilerThread0" daemon [_thread_blocked, id=23555, stack(0x000000016ebcc000,0x000000016edcf000)]
  0x000000013b80a600 JavaThread "Sweeper thread" daemon [_thread_blocked, id=40707, stack(0x000000016edd8000,0x000000016efdb000)]
  0x000000012d008800 JavaThread "Common-Cleaner" daemon [_thread_blocked, id=24067, stack(0x000000016efe4000,0x000000016f1e7000)]
  0x000000012e808200 JavaThread "JDWP Transport Listener: dt_socket" daemon [_thread_blocked, id=24327, stack(0x000000016f1f0000,0x000000016f3f3000)]
=>0x000000014b84bc00 JavaThread "JDWP Event Helper Thread" daemon [_thread_in_native, id=24835, stack(0x000000016f3fc000,0x000000016f5ff000)]
  0x000000012d00be00 JavaThread "Notification Thread" daemon [_thread_blocked, id=39683, stack(0x000000016f814000,0x000000016fa17000)]
  0x000000012d01c200 JavaThread "SIGINT handler" daemon [_thread_blocked, id=25863, stack(0x000000016fc2c000,0x000000016fe2f000)]

Other Threads:
  0x000000014b609fd0 VMThread "VM Thread" [stack: 0x000000016dc60000,0x000000016de63000] [id=18691] _threads_hazard_ptr=0x0000600001f61560
  0x000000014b608890 WorkerThread "GC Thread#0" [stack: 0x000000016d224000,0x000000016d427000] [id=13059]
  0x000000013b7042b0 ConcurrentGCThread "G1 Main Marker" terminated
  0x000000013b704b20 WorkerThread "G1 Conc#0" [stack: 0x000000016d63c000,0x000000016d83f000] [id=14083]
  0x000000013b711980 ConcurrentGCThread "G1 Refine#0" terminated
  0x000000013b712200 ConcurrentGCThread "G1 Service" terminated

Threads with active compile tasks:

VM state: at safepoint (normal execution)

VM Mutex/Monitor currently owned by a thread:  ([mutex/lock_event])
[0x0000600000a969c0] Threads_lock - owner thread: 0x000000014b609fd0
[0x0000600000a96a40] Heap_lock - owner thread: 0x000000012d01c200

Heap address: 0x0000000700000000, size: 4096 MB, Compressed Oops mode: Zero based, Oop shift amount: 3

CDS archive(s) mapped at: [0x0000000800000000-0x0000000800ba8000-0x0000000800ba8000), size 12222464, SharedBaseAddress: 0x0000000800000000, ArchiveRelocationMode: 0.
Compressed class space mapped at: 0x0000000800c00000-0x0000000840c00000, reserved size: 1073741824
Narrow klass base: 0x0000000800000000, Narrow klass shift: 0, Narrow klass range: 0x100000000

GC Precious Log:
 CardTable entry size: 512
 Card Set container configuration: InlinePtr #cards 4 size 8 Array Of Cards #cards 16 size 48 Howl #buckets 8 coarsen threshold 3686 Howl Bitmap #cards 512 size 80 coarsen threshold 460 Card regions per heap region 1 cards per card region 4096
 CPUs: 8 total, 8 available
 Memory: 16384M
 Large Page Support: Disabled
 NUMA Support: Disabled
 Compressed Oops: Enabled (Zero based)
 Heap Region Size: 2M
 Heap Min Capacity: 8M
 Heap Initial Capacity: 256M
 Heap Max Capacity: 4G
 Pre-touch: Disabled
 Parallel Workers: 8
 Concurrent Workers: 2
 Concurrent Refinement Workers: 8
 Periodic GC: Disabled

Heap:
 garbage-first heap   total 266240K, used 20384K [0x0000000700000000, 0x0000000800000000)
  region size 2048K, 9 young (18432K), 0 survivors (0K)
 Metaspace       used 1864K, committed 1984K, reserved 1114112K
  class space    used 190K, committed 256K, reserved 1048576K

Heap Regions: E=young(eden), S=young(survivor), O=old, HS=humongous(starts), HC=humongous(continues), CS=collection set, F=free, OA=open archive, CA=closed archive, TAMS=top-at-mark-start (previous, next)
|   0|0x0000000700000000, 0x0000000700200000, 0x0000000700200000|100%|HS|  |TAMS 0x0000000700000000, 0x0000000700000000| Complete 
|   1|0x0000000700200000, 0x0000000700200000, 0x0000000700400000|  0%| F|  |TAMS 0x0000000700200000, 0x0000000700200000| Untracked 
|   2|0x0000000700400000, 0x0000000700400000, 0x0000000700600000|  0%| F|  |TAMS 0x0000000700400000, 0x0000000700400000| Untracked 
|   3|0x0000000700600000, 0x0000000700600000, 0x0000000700800000|  0%| F|  |TAMS 0x0000000700600000, 0x0000000700600000| Untracked 
|   4|0x0000000700800000, 0x0000000700800000, 0x0000000700a00000|  0%| F|  |TAMS 0x0000000700800000, 0x0000000700800000| Untracked 
|   5|0x0000000700a00000, 0x0000000700a00000, 0x0000000700c00000|  0%| F|  |TAMS 0x0000000700a00000, 0x0000000700a00000| Untracked 
|   6|0x0000000700c00000, 0x0000000700c00000, 0x0000000700e00000|  0%| F|  |TAMS 0x0000000700c00000, 0x0000000700c00000| Untracked 
|   7|0x0000000700e00000, 0x0000000700e00000, 0x0000000701000000|  0%| F|  |TAMS 0x0000000700e00000, 0x0000000700e00000| Untracked 
|   8|0x0000000701000000, 0x0000000701000000, 0x0000000701200000|  0%| F|  |TAMS 0x0000000701000000, 0x0000000701000000| Untracked 
|   9|0x0000000701200000, 0x0000000701200000, 0x0000000701400000|  0%| F|  |TAMS 0x0000000701200000, 0x0000000701200000| Untracked 
|  10|0x0000000701400000, 0x0000000701400000, 0x0000000701600000|  0%| F|  |TAMS 0x0000000701400000, 0x0000000701400000| Untracked 
|  11|0x0000000701600000, 0x0000000701600000, 0x0000000701800000|  0%| F|  |TAMS 0x0000000701600000, 0x0000000701600000| Untracked 
|  12|0x0000000701800000, 0x0000000701800000, 0x0000000701a00000|  0%| F|  |TAMS 0x0000000701800000, 0x0000000701800000| Untracked 
|  13|0x0000000701a00000, 0x0000000701a00000, 0x0000000701c00000|  0%| F|  |TAMS 0x0000000701a00000, 0x0000000701a00000| Untracked 
|  14|0x0000000701c00000, 0x0000000701c00000, 0x0000000701e00000|  0%| F|  |TAMS 0x0000000701c00000, 0x0000000701c00000| Untracked 
|  15|0x0000000701e00000, 0x0000000701e00000, 0x0000000702000000|  0%| F|  |TAMS 0x0000000701e00000, 0x0000000701e00000| Untracked 
|  16|0x0000000702000000, 0x0000000702000000, 0x0000000702200000|  0%| F|  |TAMS 0x0000000702000000, 0x0000000702000000| Untracked 
|  17|0x0000000702200000, 0x0000000702200000, 0x0000000702400000|  0%| F|  |TAMS 0x0000000702200000, 0x0000000702200000| Untracked 
|  18|0x0000000702400000, 0x0000000702400000, 0x0000000702600000|  0%| F|  |TAMS 0x0000000702400000, 0x0000000702400000| Untracked 
|  19|0x0000000702600000, 0x0000000702600000, 0x0000000702800000|  0%| F|  |TAMS 0x0000000702600000, 0x0000000702600000| Untracked 
|  20|0x0000000702800000, 0x0000000702800000, 0x0000000702a00000|  0%| F|  |TAMS 0x0000000702800000, 0x0000000702800000| Untracked 
|  21|0x0000000702a00000, 0x0000000702a00000, 0x0000000702c00000|  0%| F|  |TAMS 0x0000000702a00000, 0x0000000702a00000| Untracked 
|  22|0x0000000702c00000, 0x0000000702c00000, 0x0000000702e00000|  0%| F|  |TAMS 0x0000000702c00000, 0x0000000702c00000| Untracked 
|  23|0x0000000702e00000, 0x0000000702e00000, 0x0000000703000000|  0%| F|  |TAMS 0x0000000702e00000, 0x0000000702e00000| Untracked 
|  24|0x0000000703000000, 0x0000000703000000, 0x0000000703200000|  0%| F|  |TAMS 0x0000000703000000, 0x0000000703000000| Untracked 
|  25|0x0000000703200000, 0x0000000703200000, 0x0000000703400000|  0%| F|  |TAMS 0x0000000703200000, 0x0000000703200000| Untracked 
|  26|0x0000000703400000, 0x0000000703400000, 0x0000000703600000|  0%| F|  |TAMS 0x0000000703400000, 0x0000000703400000| Untracked 
|  27|0x0000000703600000, 0x0000000703600000, 0x0000000703800000|  0%| F|  |TAMS 0x0000000703600000, 0x0000000703600000| Untracked 
|  28|0x0000000703800000, 0x0000000703800000, 0x0000000703a00000|  0%| F|  |TAMS 0x0000000703800000, 0x0000000703800000| Untracked 
|  29|0x0000000703a00000, 0x0000000703a00000, 0x0000000703c00000|  0%| F|  |TAMS 0x0000000703a00000, 0x0000000703a00000| Untracked 
|  30|0x0000000703c00000, 0x0000000703c00000, 0x0000000703e00000|  0%| F|  |TAMS 0x0000000703c00000, 0x0000000703c00000| Untracked 
|  31|0x0000000703e00000, 0x0000000703e00000, 0x0000000704000000|  0%| F|  |TAMS 0x0000000703e00000, 0x0000000703e00000| Untracked 
|  32|0x0000000704000000, 0x0000000704000000, 0x0000000704200000|  0%| F|  |TAMS 0x0000000704000000, 0x0000000704000000| Untracked 
|  33|0x0000000704200000, 0x0000000704200000, 0x0000000704400000|  0%| F|  |TAMS 0x0000000704200000, 0x0000000704200000| Untracked 
|  34|0x0000000704400000, 0x0000000704400000, 0x0000000704600000|  0%| F|  |TAMS 0x0000000704400000, 0x0000000704400000| Untracked 
|  35|0x0000000704600000, 0x0000000704600000, 0x0000000704800000|  0%| F|  |TAMS 0x0000000704600000, 0x0000000704600000| Untracked 
|  36|0x0000000704800000, 0x0000000704800000, 0x0000000704a00000|  0%| F|  |TAMS 0x0000000704800000, 0x0000000704800000| Untracked 
|  37|0x0000000704a00000, 0x0000000704a00000, 0x0000000704c00000|  0%| F|  |TAMS 0x0000000704a00000, 0x0000000704a00000| Untracked 
|  38|0x0000000704c00000, 0x0000000704c00000, 0x0000000704e00000|  0%| F|  |TAMS 0x0000000704c00000, 0x0000000704c00000| Untracked 
|  39|0x0000000704e00000, 0x0000000704e00000, 0x0000000705000000|  0%| F|  |TAMS 0x0000000704e00000, 0x0000000704e00000| Untracked 
|  40|0x0000000705000000, 0x0000000705000000, 0x0000000705200000|  0%| F|  |TAMS 0x0000000705000000, 0x0000000705000000| Untracked 
|  41|0x0000000705200000, 0x0000000705200000, 0x0000000705400000|  0%| F|  |TAMS 0x0000000705200000, 0x0000000705200000| Untracked 
|  42|0x0000000705400000, 0x0000000705400000, 0x0000000705600000|  0%| F|  |TAMS 0x0000000705400000, 0x0000000705400000| Untracked 
|  43|0x0000000705600000, 0x0000000705600000, 0x0000000705800000|  0%| F|  |TAMS 0x0000000705600000, 0x0000000705600000| Untracked 
|  44|0x0000000705800000, 0x0000000705800000, 0x0000000705a00000|  0%| F|  |TAMS 0x0000000705800000, 0x0000000705800000| Untracked 
|  45|0x0000000705a00000, 0x0000000705a00000, 0x0000000705c00000|  0%| F|  |TAMS 0x0000000705a00000, 0x0000000705a00000| Untracked 
|  46|0x0000000705c00000, 0x0000000705c00000, 0x0000000705e00000|  0%| F|  |TAMS 0x0000000705c00000, 0x0000000705c00000| Untracked 
|  47|0x0000000705e00000, 0x0000000705e00000, 0x0000000706000000|  0%| F|  |TAMS 0x0000000705e00000, 0x0000000705e00000| Untracked 
|  48|0x0000000706000000, 0x0000000706000000, 0x0000000706200000|  0%| F|  |TAMS 0x0000000706000000, 0x0000000706000000| Untracked 
|  49|0x0000000706200000, 0x0000000706200000, 0x0000000706400000|  0%| F|  |TAMS 0x0000000706200000, 0x0000000706200000| Untracked 
|  50|0x0000000706400000, 0x0000000706400000, 0x0000000706600000|  0%| F|  |TAMS 0x0000000706400000, 0x0000000706400000| Untracked 
|  51|0x0000000706600000, 0x0000000706600000, 0x0000000706800000|  0%| F|  |TAMS 0x0000000706600000, 0x0000000706600000| Untracked 
|  52|0x0000000706800000, 0x0000000706800000, 0x0000000706a00000|  0%| F|  |TAMS 0x0000000706800000, 0x0000000706800000| Untracked 
|  53|0x0000000706a00000, 0x0000000706a00000, 0x0000000706c00000|  0%| F|  |TAMS 0x0000000706a00000, 0x0000000706a00000| Untracked 
|  54|0x0000000706c00000, 0x0000000706c00000, 0x0000000706e00000|  0%| F|  |TAMS 0x0000000706c00000, 0x0000000706c00000| Untracked 
|  55|0x0000000706e00000, 0x0000000706e00000, 0x0000000707000000|  0%| F|  |TAMS 0x0000000706e00000, 0x0000000706e00000| Untracked 
|  56|0x0000000707000000, 0x0000000707000000, 0x0000000707200000|  0%| F|  |TAMS 0x0000000707000000, 0x0000000707000000| Untracked 
|  57|0x0000000707200000, 0x0000000707200000, 0x0000000707400000|  0%| F|  |TAMS 0x0000000707200000, 0x0000000707200000| Untracked 
|  58|0x0000000707400000, 0x0000000707400000, 0x0000000707600000|  0%| F|  |TAMS 0x0000000707400000, 0x0000000707400000| Untracked 
|  59|0x0000000707600000, 0x0000000707600000, 0x0000000707800000|  0%| F|  |TAMS 0x0000000707600000, 0x0000000707600000| Untracked 
|  60|0x0000000707800000, 0x0000000707800000, 0x0000000707a00000|  0%| F|  |TAMS 0x0000000707800000, 0x0000000707800000| Untracked 
|  61|0x0000000707a00000, 0x0000000707a00000, 0x0000000707c00000|  0%| F|  |TAMS 0x0000000707a00000, 0x0000000707a00000| Untracked 
|  62|0x0000000707c00000, 0x0000000707c00000, 0x0000000707e00000|  0%| F|  |TAMS 0x0000000707c00000, 0x0000000707c00000| Untracked 
|  63|0x0000000707e00000, 0x0000000707e00000, 0x0000000708000000|  0%| F|  |TAMS 0x0000000707e00000, 0x0000000707e00000| Untracked 
|  64|0x0000000708000000, 0x0000000708000000, 0x0000000708200000|  0%| F|  |TAMS 0x0000000708000000, 0x0000000708000000| Untracked 
|  65|0x0000000708200000, 0x0000000708200000, 0x0000000708400000|  0%| F|  |TAMS 0x0000000708200000, 0x0000000708200000| Untracked 
|  66|0x0000000708400000, 0x0000000708400000, 0x0000000708600000|  0%| F|  |TAMS 0x0000000708400000, 0x0000000708400000| Untracked 
|  67|0x0000000708600000, 0x0000000708600000, 0x0000000708800000|  0%| F|  |TAMS 0x0000000708600000, 0x0000000708600000| Untracked 
|  68|0x0000000708800000, 0x0000000708800000, 0x0000000708a00000|  0%| F|  |TAMS 0x0000000708800000, 0x0000000708800000| Untracked 
|  69|0x0000000708a00000, 0x0000000708a00000, 0x0000000708c00000|  0%| F|  |TAMS 0x0000000708a00000, 0x0000000708a00000| Untracked 
|  70|0x0000000708c00000, 0x0000000708c00000, 0x0000000708e00000|  0%| F|  |TAMS 0x0000000708c00000, 0x0000000708c00000| Untracked 
|  71|0x0000000708e00000, 0x0000000708e00000, 0x0000000709000000|  0%| F|  |TAMS 0x0000000708e00000, 0x0000000708e00000| Untracked 
|  72|0x0000000709000000, 0x0000000709000000, 0x0000000709200000|  0%| F|  |TAMS 0x0000000709000000, 0x0000000709000000| Untracked 
|  73|0x0000000709200000, 0x0000000709200000, 0x0000000709400000|  0%| F|  |TAMS 0x0000000709200000, 0x0000000709200000| Untracked 
|  74|0x0000000709400000, 0x0000000709400000, 0x0000000709600000|  0%| F|  |TAMS 0x0000000709400000, 0x0000000709400000| Untracked 
|  75|0x0000000709600000, 0x0000000709600000, 0x0000000709800000|  0%| F|  |TAMS 0x0000000709600000, 0x0000000709600000| Untracked 
|  76|0x0000000709800000, 0x0000000709800000, 0x0000000709a00000|  0%| F|  |TAMS 0x0000000709800000, 0x0000000709800000| Untracked 
|  77|0x0000000709a00000, 0x0000000709a00000, 0x0000000709c00000|  0%| F|  |TAMS 0x0000000709a00000, 0x0000000709a00000| Untracked 
|  78|0x0000000709c00000, 0x0000000709c00000, 0x0000000709e00000|  0%| F|  |TAMS 0x0000000709c00000, 0x0000000709c00000| Untracked 
|  79|0x0000000709e00000, 0x0000000709e00000, 0x000000070a000000|  0%| F|  |TAMS 0x0000000709e00000, 0x0000000709e00000| Untracked 
|  80|0x000000070a000000, 0x000000070a000000, 0x000000070a200000|  0%| F|  |TAMS 0x000000070a000000, 0x000000070a000000| Untracked 
|  81|0x000000070a200000, 0x000000070a200000, 0x000000070a400000|  0%| F|  |TAMS 0x000000070a200000, 0x000000070a200000| Untracked 
|  82|0x000000070a400000, 0x000000070a400000, 0x000000070a600000|  0%| F|  |TAMS 0x000000070a400000, 0x000000070a400000| Untracked 
|  83|0x000000070a600000, 0x000000070a600000, 0x000000070a800000|  0%| F|  |TAMS 0x000000070a600000, 0x000000070a600000| Untracked 
|  84|0x000000070a800000, 0x000000070a800000, 0x000000070aa00000|  0%| F|  |TAMS 0x000000070a800000, 0x000000070a800000| Untracked 
|  85|0x000000070aa00000, 0x000000070aa00000, 0x000000070ac00000|  0%| F|  |TAMS 0x000000070aa00000, 0x000000070aa00000| Untracked 
|  86|0x000000070ac00000, 0x000000070ac00000, 0x000000070ae00000|  0%| F|  |TAMS 0x000000070ac00000, 0x000000070ac00000| Untracked 
|  87|0x000000070ae00000, 0x000000070ae00000, 0x000000070b000000|  0%| F|  |TAMS 0x000000070ae00000, 0x000000070ae00000| Untracked 
|  88|0x000000070b000000, 0x000000070b000000, 0x000000070b200000|  0%| F|  |TAMS 0x000000070b000000, 0x000000070b000000| Untracked 
|  89|0x000000070b200000, 0x000000070b200000, 0x000000070b400000|  0%| F|  |TAMS 0x000000070b200000, 0x000000070b200000| Untracked 
|  90|0x000000070b400000, 0x000000070b400000, 0x000000070b600000|  0%| F|  |TAMS 0x000000070b400000, 0x000000070b400000| Untracked 
|  91|0x000000070b600000, 0x000000070b600000, 0x000000070b800000|  0%| F|  |TAMS 0x000000070b600000, 0x000000070b600000| Untracked 
|  92|0x000000070b800000, 0x000000070b800000, 0x000000070ba00000|  0%| F|  |TAMS 0x000000070b800000, 0x000000070b800000| Untracked 
|  93|0x000000070ba00000, 0x000000070ba00000, 0x000000070bc00000|  0%| F|  |TAMS 0x000000070ba00000, 0x000000070ba00000| Untracked 
|  94|0x000000070bc00000, 0x000000070bc00000, 0x000000070be00000|  0%| F|  |TAMS 0x000000070bc00000, 0x000000070bc00000| Untracked 
|  95|0x000000070be00000, 0x000000070be00000, 0x000000070c000000|  0%| F|  |TAMS 0x000000070be00000, 0x000000070be00000| Untracked 
|  96|0x000000070c000000, 0x000000070c000000, 0x000000070c200000|  0%| F|  |TAMS 0x000000070c000000, 0x000000070c000000| Untracked 
|  97|0x000000070c200000, 0x000000070c200000, 0x000000070c400000|  0%| F|  |TAMS 0x000000070c200000, 0x000000070c200000| Untracked 
|  98|0x000000070c400000, 0x000000070c400000, 0x000000070c600000|  0%| F|  |TAMS 0x000000070c400000, 0x000000070c400000| Untracked 
|  99|0x000000070c600000, 0x000000070c600000, 0x000000070c800000|  0%| F|  |TAMS 0x000000070c600000, 0x000000070c600000| Untracked 
| 100|0x000000070c800000, 0x000000070c800000, 0x000000070ca00000|  0%| F|  |TAMS 0x000000070c800000, 0x000000070c800000| Untracked 
| 101|0x000000070ca00000, 0x000000070ca00000, 0x000000070cc00000|  0%| F|  |TAMS 0x000000070ca00000, 0x000000070ca00000| Untracked 
| 102|0x000000070cc00000, 0x000000070cc00000, 0x000000070ce00000|  0%| F|  |TAMS 0x000000070cc00000, 0x000000070cc00000| Untracked 
| 103|0x000000070ce00000, 0x000000070ce00000, 0x000000070d000000|  0%| F|  |TAMS 0x000000070ce00000, 0x000000070ce00000| Untracked 
| 104|0x000000070d000000, 0x000000070d000000, 0x000000070d200000|  0%| F|  |TAMS 0x000000070d000000, 0x000000070d000000| Untracked 
| 105|0x000000070d200000, 0x000000070d200000, 0x000000070d400000|  0%| F|  |TAMS 0x000000070d200000, 0x000000070d200000| Untracked 
| 106|0x000000070d400000, 0x000000070d400000, 0x000000070d600000|  0%| F|  |TAMS 0x000000070d400000, 0x000000070d400000| Untracked 
| 107|0x000000070d600000, 0x000000070d600000, 0x000000070d800000|  0%| F|  |TAMS 0x000000070d600000, 0x000000070d600000| Untracked 
| 108|0x000000070d800000, 0x000000070d800000, 0x000000070da00000|  0%| F|  |TAMS 0x000000070d800000, 0x000000070d800000| Untracked 
| 109|0x000000070da00000, 0x000000070da00000, 0x000000070dc00000|  0%| F|  |TAMS 0x000000070da00000, 0x000000070da00000| Untracked 
| 110|0x000000070dc00000, 0x000000070dc00000, 0x000000070de00000|  0%| F|  |TAMS 0x000000070dc00000, 0x000000070dc00000| Untracked 
| 111|0x000000070de00000, 0x000000070de00000, 0x000000070e000000|  0%| F|  |TAMS 0x000000070de00000, 0x000000070de00000| Untracked 
| 112|0x000000070e000000, 0x000000070e000000, 0x000000070e200000|  0%| F|  |TAMS 0x000000070e000000, 0x000000070e000000| Untracked 
| 113|0x000000070e200000, 0x000000070e200000, 0x000000070e400000|  0%| F|  |TAMS 0x000000070e200000, 0x000000070e200000| Untracked 
| 114|0x000000070e400000, 0x000000070e400000, 0x000000070e600000|  0%| F|  |TAMS 0x000000070e400000, 0x000000070e400000| Untracked 
| 115|0x000000070e600000, 0x000000070e600000, 0x000000070e800000|  0%| F|  |TAMS 0x000000070e600000, 0x000000070e600000| Untracked 
| 116|0x000000070e800000, 0x000000070e800000, 0x000000070ea00000|  0%| F|  |TAMS 0x000000070e800000, 0x000000070e800000| Untracked 
| 117|0x000000070ea00000, 0x000000070ea00000, 0x000000070ec00000|  0%| F|  |TAMS 0x000000070ea00000, 0x000000070ea00000| Untracked 
| 118|0x000000070ec00000, 0x000000070ec00000, 0x000000070ee00000|  0%| F|  |TAMS 0x000000070ec00000, 0x000000070ec00000| Untracked 
| 119|0x000000070ee00000, 0x000000070f000000, 0x000000070f000000|100%| E|  |TAMS 0x000000070ee00000, 0x000000070ee00000| Complete 
| 120|0x000000070f000000, 0x000000070f200000, 0x000000070f200000|100%| E|CS|TAMS 0x000000070f000000, 0x000000070f000000| Complete 
| 121|0x000000070f200000, 0x000000070f400000, 0x000000070f400000|100%| E|CS|TAMS 0x000000070f200000, 0x000000070f200000| Complete 
| 122|0x000000070f400000, 0x000000070f600000, 0x000000070f600000|100%| E|CS|TAMS 0x000000070f400000, 0x000000070f400000| Complete 
| 123|0x000000070f600000, 0x000000070f800000, 0x000000070f800000|100%| E|CS|TAMS 0x000000070f600000, 0x000000070f600000| Complete 
| 124|0x000000070f800000, 0x000000070fa00000, 0x000000070fa00000|100%| E|CS|TAMS 0x000000070f800000, 0x000000070f800000| Complete 
| 125|0x000000070fa00000, 0x000000070fc00000, 0x000000070fc00000|100%| E|CS|TAMS 0x000000070fa00000, 0x000000070fa00000| Complete 
| 126|0x000000070fc00000, 0x000000070fe00000, 0x000000070fe00000|100%| E|CS|TAMS 0x000000070fc00000, 0x000000070fc00000| Complete 
| 127|0x000000070fe00000, 0x0000000710000000, 0x0000000710000000|100%| E|CS|TAMS 0x000000070fe00000, 0x000000070fe00000| Complete 
|2046|0x00000007ffc00000, 0x00000007ffd74000, 0x00000007ffe00000| 72%|OA|  |TAMS 0x00000007ffc00000, 0x00000007ffc00000| Untracked 
|2047|0x00000007ffe00000, 0x00000007ffe74000, 0x0000000800000000| 22%|CA|  |TAMS 0x00000007ffe00000, 0x00000007ffe00000| Untracked 

Card table byte_map: [0x000000011b908000,0x000000011c108000] _byte_map_base: 0x0000000118108000

Marking Bits (Prev, Next): (CMBitMap*) 0x000000013b808210, (CMBitMap*) 0x000000013b808250
 Prev Bits: [0x000000011c908000, 0x0000000120908000)
 Next Bits: [0x0000000120908000, 0x0000000124908000)

Polling page: 0x0000000102ef8000

Metaspace:

Usage:
  Non-class:      1.64 MB used.
      Class:    190.44 KB used.
       Both:      1.82 MB used.

Virtual space:
  Non-class space:       64.00 MB reserved,       1.69 MB (  3%) committed,  1 nodes.
      Class space:        1.00 GB reserved,     256.00 KB ( <1%) committed,  1 nodes.
             Both:        1.06 GB reserved,       1.94 MB ( <1%) committed. 

Chunk freelists:
   Non-Class:  3.50 MB
       Class:  3.64 MB
        Both:  7.14 MB

MaxMetaspaceSize: unlimited
CompressedClassSpaceSize: 1.00 GB
Initial GC threshold: 21.00 MB
Current GC threshold: 21.00 MB
CDS: on
MetaspaceReclaimPolicy: balanced
 - commit_granule_bytes: 65536.
 - commit_granule_words: 8192.
 - virtual_space_node_default_size: 8388608.
 - enlarge_chunks_in_place: 1.
 - new_chunks_are_fully_committed: 0.
 - uncommit_free_chunks: 1.
 - use_allocation_guard: 0.


Internal statistics:

num_allocs_failed_limit: 0.
num_arena_births: 50.
num_arena_deaths: 0.
num_vsnodes_births: 2.
num_vsnodes_deaths: 0.
num_space_committed: 31.
num_space_uncommitted: 0.
num_chunks_returned_to_freelist: 0.
num_chunks_taken_from_freelist: 86.
num_chunk_merges: 0.
num_chunk_splits: 53.
num_chunks_enlarged: 36.
num_inconsistent_stats: 0.

CodeHeap 'non-profiled nmethods': size=120032Kb used=167Kb max_used=167Kb free=119864Kb
 bounds [0x00000001143d0000, 0x0000000114640000, 0x000000011b908000]
CodeHeap 'profiled nmethods': size=120016Kb used=782Kb max_used=782Kb free=119234Kb
 bounds [0x000000010ce9c000, 0x000000010d10c000, 0x00000001143d0000]
CodeHeap 'non-nmethods': size=5712Kb used=1140Kb max_used=1169Kb free=4571Kb
 bounds [0x000000010c908000, 0x000000010cb78000, 0x000000010ce9c000]
 total_blobs=911 nmethods=514 adapters=314
 compilation: enabled
              stopped_count=0, restarted_count=0
 full_count=0

Compilation events (20 events):
Event: 0.159 Thread 0x000000013b80a000  504       3       edu.princeton.cs.algs4.StdRandom::uniform (67 bytes)
Event: 0.159 Thread 0x000000013c04ba00  510       4       java.util.concurrent.atomic.AtomicLong::compareAndSet (13 bytes)
Event: 0.159 Thread 0x000000013b80a000 nmethod 504 0x000000010cf5d390 code [0x000000010cf5d6c0, 0x000000010cf5e088]
Event: 0.159 Thread 0x000000013b80a000  505       3       edu.princeton.cs.algs4.StdRandom::uniform (39 bytes)
Event: 0.159 Thread 0x000000013c04ba00 nmethod 510 0x00000001143f7290 code [0x00000001143f7400, 0x00000001143f74a0]
Event: 0.159 Thread 0x000000013b80a000 nmethod 505 0x000000010cf5e490 code [0x000000010cf5e740, 0x000000010cf5ee78]
Event: 0.159 Thread 0x000000013b80a000  509       3       hw3.hash.SimpleOomage::randomSimpleOomage (38 bytes)
Event: 0.159 Thread 0x000000013b80a000 nmethod 509 0x000000010cf5f190 code [0x000000010cf5f380, 0x000000010cf5f668]
Event: 0.159 Thread 0x000000013b809a00  512       4       java.util.Random::next (47 bytes)
Event: 0.159 Thread 0x000000013c04ba00  511       4       java.util.Random::nextInt (74 bytes)
Event: 0.160 Thread 0x000000013b809a00 nmethod 512 0x00000001143f7590 code [0x00000001143f7740, 0x00000001143f7880]
Event: 0.160 Thread 0x000000013b809a00  513       4       edu.princeton.cs.algs4.StdRandom::uniform (67 bytes)
Event: 0.160 Thread 0x000000013c04ba00 nmethod 511 0x00000001143f7990 code [0x00000001143f7b40, 0x00000001143f7d40]
Event: 0.160 Thread 0x000000013c04ba00  514       4       edu.princeton.cs.algs4.StdRandom::uniform (39 bytes)
Event: 0.161 Thread 0x000000013b809a00 nmethod 513 0x00000001143f7f10 code [0x00000001143f8100, 0x00000001143f83b0]
Event: 0.161 Thread 0x000000013b809a00  516       4       hw3.hash.SimpleOomage::randomSimpleOomage (38 bytes)
Event: 0.161 Thread 0x000000013c04ba00 nmethod 514 0x00000001143f8610 code [0x00000001143f87c0, 0x00000001143f89d0]
Event: 0.161 Thread 0x000000013c04ba00  515       4       java.util.ArrayList::add (25 bytes)
Event: 0.162 Thread 0x000000013c04ba00 nmethod 515 0x00000001143f8b90 code [0x00000001143f8d40, 0x00000001143f9010]
Event: 0.162 Thread 0x000000013b809a00 nmethod 516 0x00000001143f9190 code [0x00000001143f93c0, 0x00000001143f9950]

GC Heap History (0 events):
No events

Deoptimization events (20 events):
Event: 0.048 Thread 0x000000014b80e200 DEOPT PACKING pc=0x00000001143da518 sp=0x000000016d21a390
Event: 0.048 Thread 0x000000014b80e200 DEOPT UNPACKING pc=0x000000010c946d1c sp=0x000000016d21a330 mode 2
Event: 0.096 Thread 0x000000014b80e200 Uncommon trap: trap_request=0xffffffde fr.pc=0x00000001143dc658 relative=0x0000000000000b18
Event: 0.096 Thread 0x000000014b80e200 Uncommon trap: reason=class_check action=maybe_recompile pc=0x00000001143dc658 method=java.util.HashMap.putVal(ILjava/lang/Object;Ljava/lang/Object;ZZ)Ljava/lang/Object; @ 253 c2
Event: 0.096 Thread 0x000000014b80e200 DEOPT PACKING pc=0x00000001143dc658 sp=0x000000016d219ba0
Event: 0.096 Thread 0x000000014b80e200 DEOPT UNPACKING pc=0x000000010c946d1c sp=0x000000016d219b00 mode 2
Event: 0.096 Thread 0x000000014b80e200 Uncommon trap: trap_request=0xffffffde fr.pc=0x00000001143dc658 relative=0x0000000000000b18
Event: 0.096 Thread 0x000000014b80e200 Uncommon trap: reason=class_check action=maybe_recompile pc=0x00000001143dc658 method=java.util.HashMap.putVal(ILjava/lang/Object;Ljava/lang/Object;ZZ)Ljava/lang/Object; @ 253 c2
Event: 0.096 Thread 0x000000014b80e200 DEOPT PACKING pc=0x00000001143dc658 sp=0x000000016d219ba0
Event: 0.096 Thread 0x000000014b80e200 DEOPT UNPACKING pc=0x000000010c946d1c sp=0x000000016d219b00 mode 2
Event: 0.096 Thread 0x000000014b80e200 DEOPT PACKING pc=0x000000010cec4a88 sp=0x000000016d218f80
Event: 0.096 Thread 0x000000014b80e200 DEOPT UNPACKING pc=0x000000010c946b7c sp=0x000000016d218bb0 mode 0
Event: 0.098 Thread 0x000000014b80e200 DEOPT PACKING pc=0x000000010ceac8e4 sp=0x000000016d218b20
Event: 0.098 Thread 0x000000014b80e200 DEOPT UNPACKING pc=0x000000010c946b7c sp=0x000000016d2187b0 mode 0
Event: 0.151 Thread 0x000000014b80e200 DEOPT PACKING pc=0x000000010cf58274 sp=0x000000016d219cd0
Event: 0.151 Thread 0x000000014b80e200 DEOPT UNPACKING pc=0x000000010c946b7c sp=0x000000016d219a10 mode 0
Event: 20.558 Thread 0x000000012d008200 Uncommon trap: trap_request=0xffffff45 fr.pc=0x00000001143f47ec relative=0x00000000000000ac
Event: 20.558 Thread 0x000000012d008200 Uncommon trap: reason=unstable_if action=reinterpret pc=0x00000001143f47ec method=java.lang.Integer.valueOf(I)Ljava/lang/Integer; @ 10 c2
Event: 20.558 Thread 0x000000012d008200 DEOPT PACKING pc=0x00000001143f47ec sp=0x000000016e59e8b0
Event: 20.558 Thread 0x000000012d008200 DEOPT UNPACKING pc=0x000000010c946d1c sp=0x000000016e59e850 mode 2

Classes loaded (20 events):
Event: 0.113 Loading class org/junit/runner/notification/RunNotifier$3
Event: 0.113 Loading class org/junit/runner/notification/RunNotifier$3 done
Event: 0.114 Loading class org/junit/runners/model/FrameworkMethod$1
Event: 0.114 Loading class org/junit/runners/model/FrameworkMethod$1 done
Event: 0.114 Loading class hw3/hash/SimpleOomage
Event: 0.114 Loading class hw3/hash/SimpleOomage done
Event: 0.115 Loading class hw3/hash/Oomage
Event: 0.115 Loading class hw3/hash/Oomage done
Event: 0.115 Loading class edu/princeton/cs/algs4/StdRandom
Event: 0.115 Loading class edu/princeton/cs/algs4/StdRandom done
Event: 0.115 Loading class org/junit/runner/notification/RunNotifier$7
Event: 0.115 Loading class org/junit/runner/notification/RunNotifier$7 done
Event: 0.115 Loading class java/util/LinkedHashMap$LinkedKeySet
Event: 0.115 Loading class java/util/LinkedHashMap$LinkedKeySet done
Event: 0.115 Loading class java/util/LinkedHashMap$LinkedKeyIterator
Event: 0.115 Loading class java/util/LinkedHashMap$LinkedKeyIterator done
Event: 3.664 Loading class hw3/hash/OomageTestUtility
Event: 3.664 Loading class hw3/hash/OomageTestUtility done
Event: 20.558 Loading class jdk/internal/misc/Signal$1
Event: 20.559 Loading class jdk/internal/misc/Signal$1 done

Classes unloaded (0 events):
No events

Classes redefined (0 events):
No events

Internal exceptions (11 events):
Event: 0.048 Thread 0x000000014b80e200 Implicit null exception at 0x00000001143da3fc to 0x00000001143da50c
Event: 0.048 Thread 0x000000014b80e200 Exception <a 'java/lang/NoSuchMethodError'{0x000000070ffc1690}: 'void java.lang.invoke.DirectMethodHandle$Holder.invokeStatic(java.lang.Object, java.lang.Object, java.lang.Object)'> (0x000000070ffc1690) 
thrown [src/hotspot/share/interpreter/linkResolver.cpp, line 766]
Event: 0.052 Thread 0x000000014b80e200 Exception <a 'java/lang/NoSuchMethodError'{0x000000070fc18140}: 'java.lang.Object java.lang.invoke.Invokers$Holder.invokeExact_MT(java.lang.Object, java.lang.Object, java.lang.Object, java.lang.Object, java.lang.Object)'> (0x000000070fc18140) 
thrown [src/hotspot/share/interpreter/linkResolver.cpp, line 766]
Event: 0.072 Thread 0x000000014b80e200 Exception <a 'java/io/FileNotFoundException'{0x000000070fd61a08}> (0x000000070fd61a08) 
thrown [src/hotspot/share/prims/jni.cpp, line 516]
Event: 0.093 Thread 0x000000014b80e200 Exception <a 'java/lang/NoSuchMethodError'{0x000000070fadd2f8}: 'java.lang.Object java.lang.invoke.DirectMethodHandle$Holder.invokeInterface(java.lang.Object, java.lang.Object)'> (0x000000070fadd2f8) 
thrown [src/hotspot/share/interpreter/linkResolver.cpp, line 766]
Event: 0.094 Thread 0x000000014b80e200 Exception <a 'java/lang/IncompatibleClassChangeError'{0x000000070fae0ae8}: Found class java.lang.Object, but interface was expected> (0x000000070fae0ae8) 
thrown [src/hotspot/share/interpreter/linkResolver.cpp, line 833]
Event: 0.099 Thread 0x000000014b80e200 Exception <a 'java/lang/NoSuchMethodError'{0x000000070fb3b3e8}: 'java.lang.Object java.lang.invoke.DirectMethodHandle$Holder.newInvokeSpecial(java.lang.Object, java.lang.Object, java.lang.Object, java.lang.Object, java.lang.Object)'> (0x000000070fb3b3e8) 
thrown [src/hotspot/share/interpreter/linkResolver.cpp, line 766]
Event: 0.109 Thread 0x000000014b80e200 Exception <a 'java/lang/NoSuchMethodError'{0x000000070f8203d0}: 'long java.lang.invoke.DirectMethodHandle$Holder.invokeSpecial(java.lang.Object, java.lang.Object)'> (0x000000070f8203d0) 
thrown [src/hotspot/share/interpreter/linkResolver.cpp, line 766]
Event: 0.109 Thread 0x000000014b80e200 Exception <a 'java/lang/NoSuchMethodError'{0x000000070f823b80}: 'long java.lang.invoke.Invokers$Holder.invokeExact_MT(java.lang.Object, java.lang.Object)'> (0x000000070f823b80) 
thrown [src/hotspot/share/interpreter/linkResolver.cpp, line 766]
Event: 0.114 Thread 0x000000014b80e200 Exception <a 'java/lang/NoSuchMethodError'{0x000000070f8756c0}: 'void java.lang.invoke.DirectMethodHandle$Holder.invokeVirtual(java.lang.Object, java.lang.Object)'> (0x000000070f8756c0) 
thrown [src/hotspot/share/interpreter/linkResolver.cpp, line 766]
Event: 0.114 Thread 0x000000014b80e200 Exception <a 'java/lang/NoSuchMethodError'{0x000000070f8792c0}: 'void java.lang.invoke.DirectMethodHandle$Holder.invokeSpecial(java.lang.Object, java.lang.Object, java.lang.Object)'> (0x000000070f8792c0) 
thrown [src/hotspot/share/interpreter/linkResolver.cpp, line 766]

VM Operations (20 events):
Event: 4.527 Executing VM operation: get/set locals done
Event: 4.527 Executing VM operation: get/set locals
Event: 4.528 Executing VM operation: get/set locals done
Event: 4.528 Executing VM operation: get/set locals
Event: 4.528 Executing VM operation: get/set locals done
Event: 4.528 Executing VM operation: get/set locals
Event: 4.528 Executing VM operation: get/set locals done
Event: 4.528 Executing VM operation: get/set locals
Event: 4.528 Executing VM operation: get/set locals done
Event: 4.528 Executing VM operation: get/set locals
Event: 4.528 Executing VM operation: get/set locals done
Event: 4.529 Executing VM operation: get/set locals
Event: 4.529 Executing VM operation: get/set locals done
Event: 4.529 Executing VM operation: get/set locals
Event: 4.529 Executing VM operation: get/set locals done
Event: 4.529 Executing VM operation: get/set locals
Event: 4.529 Executing VM operation: get/set locals done
Event: 21.901 Executing VM operation: ChangeBreakpoints
Event: 21.901 Executing VM operation: ChangeBreakpoints done
Event: 21.901 Executing VM operation: Exit

Events (20 events):
Event: 0.034 Thread 0x000000012e808200 Thread added: 0x000000012e808200
Event: 0.034 Protecting memory [0x000000016f1f0000,0x000000016f1fc000] with protection modes 0
Event: 0.034 Thread 0x000000014b84bc00 Thread added: 0x000000014b84bc00
Event: 0.034 Protecting memory [0x000000016f3fc000,0x000000016f408000] with protection modes 0
Event: 0.035 Thread 0x000000012e00b200 Thread added: 0x000000012e00b200
Event: 0.035 Protecting memory [0x000000016f608000,0x000000016f614000] with protection modes 0
Event: 0.048 Loaded shared library /opt/homebrew/Cellar/openjdk/18.0.1.1/libexec/openjdk.jdk/Contents/Home/lib/libinstrument.dylib
Event: 0.056 Thread 0x000000012d00be00 Thread added: 0x000000012d00be00
Event: 0.056 Protecting memory [0x000000016f814000,0x000000016f820000] with protection modes 0
Event: 0.060 Loaded shared library /opt/homebrew/Cellar/openjdk/18.0.1.1/libexec/openjdk.jdk/Contents/Home/lib/libnio.dylib
Event: 0.063 Loaded shared library /opt/homebrew/Cellar/openjdk/18.0.1.1/libexec/openjdk.jdk/Contents/Home/lib/libzip.dylib
Event: 0.068 Loaded shared library /opt/homebrew/Cellar/openjdk/18.0.1.1/libexec/openjdk.jdk/Contents/Home/lib/libverify.dylib
Event: 0.128 Thread 0x000000013c04ba00 Thread added: 0x000000013c04ba00
Event: 0.128 Protecting memory [0x000000016fc2c000,0x000000016fc38000] with protection modes 0
Event: 5.167 Protecting memory [0x000000016fc2c000,0x000000016fc38000] with protection modes 3
Event: 5.167 Thread 0x000000013c04ba00 Thread exited: 0x000000013c04ba00
Event: 20.560 Thread 0x000000012d01c200 Thread added: 0x000000012d01c200
Event: 20.560 Protecting memory [0x000000016fc2c000,0x000000016fc38000] with protection modes 0
Event: 21.899 Protecting memory [0x000000016f608000,0x000000016f614000] with protection modes 3
Event: 21.899 Thread 0x000000012e00b200 Thread exited: 0x000000012e00b200


Dynamic libraries:
0x0000000102ea8000 	/opt/homebrew/Cellar/openjdk/18.0.1.1/libexec/openjdk.jdk/Contents/Home/lib/libjli.dylib
0x0000000191ad1000 	/usr/lib/libz.1.dylib
0x0000000191b88000 	/usr/lib/libSystem.B.dylib
0x0000000191b82000 	/usr/lib/system/libcache.dylib
0x0000000191b40000 	/usr/lib/system/libcommonCrypto.dylib
0x0000000191b69000 	/usr/lib/system/libcompiler_rt.dylib
0x0000000191b60000 	/usr/lib/system/libcopyfile.dylib
0x0000000186da7000 	/usr/lib/system/libcorecrypto.dylib
0x0000000186e5c000 	/usr/lib/system/libdispatch.dylib
0x000000018702a000 	/usr/lib/system/libdyld.dylib
0x0000000191b78000 	/usr/lib/system/libkeymgr.dylib
0x0000000191b1b000 	/usr/lib/system/libmacho.dylib
0x000000019120b000 	/usr/lib/system/libquarantine.dylib
0x0000000191b75000 	/usr/lib/system/libremovefile.dylib
0x000000018c1a2000 	/usr/lib/system/libsystem_asl.dylib
0x0000000186d49000 	/usr/lib/system/libsystem_blocks.dylib
0x0000000186ee4000 	/usr/lib/system/libsystem_c.dylib
0x0000000191b6d000 	/usr/lib/system/libsystem_collections.dylib
0x00000001906a0000 	/usr/lib/system/libsystem_configuration.dylib
0x000000018f8fa000 	/usr/lib/system/libsystem_containermanager.dylib
0x0000000191878000 	/usr/lib/system/libsystem_coreservices.dylib
0x000000018975b000 	/usr/lib/system/libsystem_darwin.dylib
0x0000000191b79000 	/usr/lib/system/libsystem_dnssd.dylib
0x0000000186ee1000 	/usr/lib/system/libsystem_featureflags.dylib
0x000000018703f000 	/usr/lib/system/libsystem_info.dylib
0x0000000191ae3000 	/usr/lib/system/libsystem_m.dylib
0x0000000186e31000 	/usr/lib/system/libsystem_malloc.dylib
0x000000018c130000 	/usr/lib/system/libsystem_networkextension.dylib
0x0000000189bb4000 	/usr/lib/system/libsystem_notify.dylib
0x0000000197edd000 	/usr/lib/system/libsystem_product_info_filter.dylib
0x00000001906a5000 	/usr/lib/system/libsystem_sandbox.dylib
0x0000000191b72000 	/usr/lib/system/libsystem_secinit.dylib
0x0000000186fe5000 	/usr/lib/system/libsystem_kernel.dylib
0x0000000187037000 	/usr/lib/system/libsystem_platform.dylib
0x000000018701d000 	/usr/lib/system/libsystem_pthread.dylib
0x000000018d906000 	/usr/lib/system/libsystem_symptoms.dylib
0x0000000186d8d000 	/usr/lib/system/libsystem_trace.dylib
0x0000000191b4d000 	/usr/lib/system/libunwind.dylib
0x0000000186d4b000 	/usr/lib/system/libxpc.dylib
0x0000000186fcd000 	/usr/lib/libc++abi.dylib
0x0000000186ea3000 	/usr/lib/libobjc.A.dylib
0x0000000191b58000 	/usr/lib/liboah.dylib
0x0000000186f66000 	/usr/lib/libc++.1.dylib
0x000000019da0b000 	/System/Library/Frameworks/Cocoa.framework/Versions/A/Cocoa
0x0000000189c15000 	/System/Library/Frameworks/AppKit.framework/Versions/C/AppKit
0x000000018d12c000 	/System/Library/Frameworks/CoreData.framework/Versions/A/CoreData
0x0000000187f70000 	/System/Library/Frameworks/Foundation.framework/Versions/C/Foundation
0x000000018aace000 	/System/Library/PrivateFrameworks/UIFoundation.framework/Versions/A/UIFoundation
0x0000000197bd7000 	/System/Library/PrivateFrameworks/RemoteViewServices.framework/Versions/A/RemoteViewServices
0x0000000190048000 	/System/Library/PrivateFrameworks/XCTTargetBootstrap.framework/Versions/A/XCTTargetBootstrap
0x00000001938c8000 	/System/Library/PrivateFrameworks/InternationalSupport.framework/Versions/A/InternationalSupport
0x0000000193951000 	/System/Library/PrivateFrameworks/UserActivity.framework/Versions/A/UserActivity
0x0000000192dbf000 	/usr/lib/libspindump.dylib
0x000000018ad3f000 	/System/Library/Frameworks/UniformTypeIdentifiers.framework/Versions/A/UniformTypeIdentifiers
0x000000018e590000 	/usr/lib/libapp_launch_measurement.dylib
0x000000018dab8000 	/System/Library/PrivateFrameworks/CoreAnalytics.framework/Versions/A/CoreAnalytics
0x000000018e593000 	/System/Library/PrivateFrameworks/CoreAutoLayout.framework/Versions/A/CoreAutoLayout
0x000000018f937000 	/System/Library/Frameworks/Metal.framework/Versions/A/Metal
0x00000001906b0000 	/usr/lib/liblangid.dylib
0x000000019004d000 	/System/Library/PrivateFrameworks/CoreSVG.framework/Versions/A/CoreSVG
0x000000018c1d6000 	/System/Library/PrivateFrameworks/SkyLight.framework/Versions/A/SkyLight
0x000000018c5b2000 	/System/Library/Frameworks/CoreGraphics.framework/Versions/A/CoreGraphics
0x00000001982a3000 	/System/Library/Frameworks/Accelerate.framework/Versions/A/Accelerate
0x0000000192836000 	/System/Library/PrivateFrameworks/IconServices.framework/Versions/A/IconServices
0x000000018f919000 	/System/Library/Frameworks/IOSurface.framework/Versions/A/IOSurface
0x000000018dae9000 	/usr/lib/libDiagnosticMessagesClient.dylib
0x000000019b7a8000 	/System/Library/Frameworks/ApplicationServices.framework/Versions/A/ApplicationServices
0x0000000190030000 	/System/Library/PrivateFrameworks/DFRFoundation.framework/Versions/A/DFRFoundation
0x00000001894a5000 	/usr/lib/libicucore.A.dylib
0x0000000194776000 	/System/Library/Frameworks/AudioToolbox.framework/Versions/A/AudioToolbox
0x00000001938d4000 	/System/Library/PrivateFrameworks/DataDetectorsCore.framework/Versions/A/DataDetectorsCore
0x00000001aa2f4000 	/System/Library/PrivateFrameworks/TextInput.framework/Versions/A/TextInput
0x000000018c14b000 	/usr/lib/libMobileGestalt.dylib
0x000000018fcfc000 	/System/Library/Frameworks/Carbon.framework/Versions/A/Frameworks/HIToolbox.framework/Versions/A/HIToolbox
0x000000018df69000 	/System/Library/Frameworks/QuartzCore.framework/Versions/A/QuartzCore
0x0000000189126000 	/System/Library/Frameworks/Security.framework/Versions/A/Security
0x0000000197c17000 	/System/Library/Frameworks/Carbon.framework/Versions/A/Frameworks/SpeechRecognition.framework/Versions/A/SpeechRecognition
0x000000018e2e5000 	/System/Library/PrivateFrameworks/CoreUI.framework/Versions/A/CoreUI
0x0000000188a02000 	/System/Library/Frameworks/CoreAudio.framework/Versions/A/CoreAudio
0x000000018dbdd000 	/System/Library/Frameworks/DiskArbitration.framework/Versions/A/DiskArbitration
0x00000001931c9000 	/System/Library/PrivateFrameworks/MultitouchSupport.framework/Versions/A/MultitouchSupport
0x000000018c149000 	/usr/lib/libenergytrace.dylib
0x0000000189add000 	/System/Library/Frameworks/IOKit.framework/Versions/A/IOKit
0x0000000198006000 	/System/Library/Frameworks/CoreServices.framework/Versions/A/CoreServices
0x000000018e520000 	/System/Library/PrivateFrameworks/PerformanceAnalysis.framework/Versions/A/PerformanceAnalysis
0x00000001e879f000 	/System/Library/Frameworks/OpenGL.framework/Versions/A/OpenGL
0x0000000191123000 	/System/Library/PrivateFrameworks/MobileKeyBag.framework/Versions/A/MobileKeyBag
0x000000018cbc0000 	/System/Library/Frameworks/ColorSync.framework/Versions/A/ColorSync
0x000000018706c000 	/System/Library/Frameworks/CoreFoundation.framework/Versions/A/CoreFoundation
0x00000001902cc000 	/System/Library/Frameworks/CoreImage.framework/Versions/A/CoreImage
0x0000000188826000 	/System/Library/Frameworks/CoreText.framework/Versions/A/CoreText
0x000000019007d000 	/System/Library/Frameworks/ImageIO.framework/Versions/A/ImageIO
0x0000000191b8e000 	/System/Library/PrivateFrameworks/SoftLinking.framework/Versions/A/SoftLinking
0x000000018e5de000 	/usr/lib/libxml2.2.dylib
0x0000000191e27000 	/usr/lib/libcompression.dylib
0x0000000193824000 	/System/Library/PrivateFrameworks/TextureIO.framework/Versions/A/TextureIO
0x000000019254f000 	/usr/lib/libate.dylib
0x0000000192414000 	/usr/lib/liblzma.5.dylib
0x0000000187c63000 	/System/Library/Frameworks/SystemConfiguration.framework/Versions/A/SystemConfiguration
0x0000000191b8a000 	/usr/lib/libfakelink.dylib
0x000000018bc7b000 	/System/Library/Frameworks/CFNetwork.framework/Versions/A/CFNetwork
0x0000000191cd0000 	/usr/lib/libarchive.2.dylib
0x00000001906ac000 	/System/Library/PrivateFrameworks/AppleSystemInfo.framework/Versions/A/AppleSystemInfo
0x0000000191236000 	/usr/lib/libbsm.0.dylib
0x000000018b1e8000 	/usr/lib/libnetwork.dylib
0x0000000191b24000 	/usr/lib/system/libkxld.dylib
0x0000000190e50000 	/System/Library/PrivateFrameworks/IOMobileFramebuffer.framework/Versions/A/IOMobileFramebuffer
0x0000000206b89000 	/usr/lib/libCoreEntitlements.dylib
0x000000019185a000 	/System/Library/PrivateFrameworks/AppleFSCompression.framework/Versions/A/AppleFSCompression
0x000000019121e000 	/usr/lib/libcoretls.dylib
0x000000019242d000 	/usr/lib/libcoretls_cfhelpers.dylib
0x0000000191e22000 	/usr/lib/libpam.2.dylib
0x000000018d51c000 	/usr/lib/libsqlite3.dylib
0x0000000192496000 	/usr/lib/libxar.1.dylib
0x000000019186b000 	/usr/lib/libbz2.1.0.dylib
0x0000000191b8f000 	/usr/lib/libpcap.A.dylib
0x000000018d8fd000 	/usr/lib/libdns_services.dylib
0x0000000191df5000 	/usr/lib/libapple_nghttp2.dylib
0x0000000191bcc000 	/usr/lib/libiconv.2.dylib
0x0000000191b1a000 	/usr/lib/libcharset.1.dylib
0x000000018e55c000 	/System/Library/Frameworks/CoreServices.framework/Versions/A/Frameworks/FSEvents.framework/Versions/A/FSEvents
0x0000000189766000 	/System/Library/Frameworks/CoreServices.framework/Versions/A/Frameworks/CarbonCore.framework/Versions/A/CarbonCore
0x000000018db3d000 	/System/Library/Frameworks/CoreServices.framework/Versions/A/Frameworks/Metadata.framework/Versions/A/Metadata
0x000000019187e000 	/System/Library/Frameworks/CoreServices.framework/Versions/A/Frameworks/OSServices.framework/Versions/A/OSServices
0x0000000191d56000 	/System/Library/Frameworks/CoreServices.framework/Versions/A/Frameworks/SearchKit.framework/Versions/A/SearchKit
0x000000018d88b000 	/System/Library/Frameworks/CoreServices.framework/Versions/A/Frameworks/AE.framework/Versions/A/AE
0x00000001875b3000 	/System/Library/Frameworks/CoreServices.framework/Versions/A/Frameworks/LaunchServices.framework/Versions/A/LaunchServices
0x00000001923bd000 	/System/Library/Frameworks/CoreServices.framework/Versions/A/Frameworks/DictionaryServices.framework/Versions/A/DictionaryServices
0x000000018e569000 	/System/Library/Frameworks/CoreServices.framework/Versions/A/Frameworks/SharedFileList.framework/Versions/A/SharedFileList
0x000000019120e000 	/usr/lib/libCheckFix.dylib
0x000000018c1ba000 	/System/Library/PrivateFrameworks/TCC.framework/Versions/A/TCC
0x00000001906b2000 	/System/Library/PrivateFrameworks/CoreNLP.framework/Versions/A/CoreNLP
0x000000018daec000 	/System/Library/PrivateFrameworks/MetadataUtilities.framework/Versions/A/MetadataUtilities
0x0000000187d1d000 	/usr/lib/libmecabra.dylib
0x0000000191247000 	/usr/lib/libmecab.dylib
0x0000000187ce9000 	/usr/lib/libCRFSuite.dylib
0x00000001912a4000 	/usr/lib/libgermantok.dylib
0x0000000191dce000 	/usr/lib/libThaiTokenizer.dylib
0x000000018dbe5000 	/System/Library/Frameworks/Accelerate.framework/Versions/A/Frameworks/vImage.framework/Versions/A/vImage
0x0000000197fdd000 	/System/Library/Frameworks/Accelerate.framework/Versions/A/Frameworks/vecLib.framework/Versions/A/vecLib
0x00000001924db000 	/System/Library/Frameworks/Accelerate.framework/Versions/A/Frameworks/vecLib.framework/Versions/A/libvMisc.dylib
0x0000000190d57000 	/System/Library/Frameworks/Accelerate.framework/Versions/A/Frameworks/vecLib.framework/Versions/A/libvDSP.dylib
0x000000018793e000 	/System/Library/Frameworks/Accelerate.framework/Versions/A/Frameworks/vecLib.framework/Versions/A/libBLAS.dylib
0x0000000191ef8000 	/System/Library/Frameworks/Accelerate.framework/Versions/A/Frameworks/vecLib.framework/Versions/A/libLAPACK.dylib
0x00000001912a7000 	/System/Library/Frameworks/Accelerate.framework/Versions/A/Frameworks/vecLib.framework/Versions/A/libLinearAlgebra.dylib
0x0000000191e0d000 	/System/Library/Frameworks/Accelerate.framework/Versions/A/Frameworks/vecLib.framework/Versions/A/libSparseBLAS.dylib
0x0000000191ef3000 	/System/Library/Frameworks/Accelerate.framework/Versions/A/Frameworks/vecLib.framework/Versions/A/libQuadrature.dylib
0x00000001907ab000 	/System/Library/Frameworks/Accelerate.framework/Versions/A/Frameworks/vecLib.framework/Versions/A/libBNNS.dylib
0x0000000187bfc000 	/System/Library/Frameworks/Accelerate.framework/Versions/A/Frameworks/vecLib.framework/Versions/A/libSparse.dylib
0x00000001907a3000 	/System/Library/PrivateFrameworks/LinguisticData.framework/Versions/A/LinguisticData
0x0000000187bb4000 	/System/Library/PrivateFrameworks/Lexicon.framework/Versions/A/Lexicon
0x00000001924d3000 	/usr/lib/libChineseTokenizer.dylib
0x0000000188362000 	/System/Library/PrivateFrameworks/LanguageModeling.framework/Versions/A/LanguageModeling
0x0000000191dd0000 	/System/Library/PrivateFrameworks/AppleSauce.framework/Versions/A/AppleSauce
0x0000000190e3d000 	/System/Library/PrivateFrameworks/CoreEmoji.framework/Versions/A/CoreEmoji
0x0000000191cbe000 	/usr/lib/libcmph.dylib
0x000000018e53c000 	/System/Library/Frameworks/OpenDirectory.framework/Versions/A/Frameworks/CFOpenDirectory.framework/Versions/A/CFOpenDirectory
0x000000018e52c000 	/System/Library/Frameworks/OpenDirectory.framework/Versions/A/OpenDirectory
0x000000019242f000 	/System/Library/PrivateFrameworks/APFS.framework/Versions/A/APFS
0x000000019115e000 	/System/Library/Frameworks/SecurityFoundation.framework/Versions/A/SecurityFoundation
0x00000001924a5000 	/usr/lib/libutil.dylib
0x0000000189a9f000 	/System/Library/PrivateFrameworks/CoreServicesStore.framework/Versions/A/CoreServicesStore
0x00000001924a9000 	/usr/lib/libxslt.1.dylib
0x00000001911f2000 	/System/Library/PrivateFrameworks/BackgroundTaskManagement.framework/Versions/A/BackgroundTaskManagement
0x0000000193745000 	/System/Library/Frameworks/ImageIO.framework/Versions/A/Resources/libRadiance.dylib
0x000000019374e000 	/System/Library/Frameworks/ImageIO.framework/Versions/A/Resources/libJPEG.dylib
0x00000001936a1000 	/System/Library/Frameworks/ImageIO.framework/Versions/A/Resources/libPng.dylib
0x00000001936c3000 	/System/Library/Frameworks/ImageIO.framework/Versions/A/Resources/libTIFF.dylib
0x00000001937a9000 	/System/Library/Frameworks/ImageIO.framework/Versions/A/Resources/libGIF.dylib
0x00000001930d9000 	/System/Library/Frameworks/ImageIO.framework/Versions/A/Resources/libJP2.dylib
0x00000001927fb000 	/usr/lib/libexpat.1.dylib
0x0000000193094000 	/System/Library/PrivateFrameworks/AppleJPEG.framework/Versions/A/AppleJPEG
0x000000018fbb8000 	/System/Library/PrivateFrameworks/FontServices.framework/libFontParser.dylib
0x000000018d830000 	/System/Library/PrivateFrameworks/RunningBoardServices.framework/Versions/A/RunningBoardServices
0x000000019e0e2000 	/System/Library/PrivateFrameworks/IOSurfaceAccelerator.framework/Versions/A/IOSurfaceAccelerator
0x00000001931c5000 	/System/Library/PrivateFrameworks/WatchdogClient.framework/Versions/A/WatchdogClient
0x0000000188462000 	/System/Library/Frameworks/CoreDisplay.framework/Versions/A/CoreDisplay
0x000000018faa2000 	/System/Library/Frameworks/CoreMedia.framework/Versions/A/CoreMedia
0x000000018f92d000 	/System/Library/PrivateFrameworks/IOAccelerator.framework/Versions/A/IOAccelerator
0x000000018e6cc000 	/System/Library/Frameworks/CoreVideo.framework/Versions/A/CoreVideo
0x0000000191e20000 	/System/Library/Frameworks/MetalPerformanceShaders.framework/Versions/A/MetalPerformanceShaders
0x0000000193204000 	/System/Library/Frameworks/VideoToolbox.framework/Versions/A/VideoToolbox
0x000000018d774000 	/System/Library/PrivateFrameworks/BaseBoard.framework/Versions/A/BaseBoard
0x000000018d502000 	/System/Library/PrivateFrameworks/ProtocolBuffer.framework/Versions/A/ProtocolBuffer
0x0000000193740000 	/System/Library/PrivateFrameworks/GPUWrangler.framework/Versions/A/GPUWrangler
0x0000000193720000 	/System/Library/PrivateFrameworks/IOPresentment.framework/Versions/A/IOPresentment
0x0000000193748000 	/System/Library/PrivateFrameworks/DSExternalDisplay.framework/Versions/A/DSExternalDisplay
0x00000001e8792000 	/System/Library/Frameworks/OpenGL.framework/Versions/A/Libraries/libCoreFSCache.dylib
0x00000001f365c000 	/System/Library/PrivateFrameworks/GPUCompiler.framework/Versions/31001/Libraries/libGPUCompilerUtils.dylib
0x00000001937ae000 	/System/Library/PrivateFrameworks/CMCaptureCore.framework/Versions/A/CMCaptureCore
0x0000000192dac000 	/System/Library/PrivateFrameworks/AppServerSupport.framework/Versions/A/AppServerSupport
0x0000000195034000 	/System/Library/PrivateFrameworks/perfdata.framework/Versions/A/perfdata
0x0000000188582000 	/System/Library/PrivateFrameworks/AudioToolboxCore.framework/Versions/A/AudioToolboxCore
0x000000018fa7b000 	/System/Library/PrivateFrameworks/caulk.framework/Versions/A/caulk
0x0000000194929000 	/usr/lib/libAudioStatistics.dylib
0x00000001a6947000 	/System/Library/PrivateFrameworks/SystemPolicy.framework/Versions/A/SystemPolicy
0x0000000194b95000 	/usr/lib/libSMC.dylib
0x000000019d8e9000 	/System/Library/Frameworks/CoreMIDI.framework/Versions/A/CoreMIDI
0x000000019366f000 	/usr/lib/libAudioToolboxUtility.dylib
0x00000001a2aaa000 	/System/Library/PrivateFrameworks/OSAServicesClient.framework/Versions/A/OSAServicesClient
0x0000000195041000 	/usr/lib/libperfcheck.dylib
0x00000001a7466000 	/usr/lib/libmis.dylib
0x00000001e87f4000 	/System/Library/Frameworks/OpenGL.framework/Versions/A/Libraries/libGLU.dylib
0x00000001e87b3000 	/System/Library/Frameworks/OpenGL.framework/Versions/A/Libraries/libGFXShared.dylib
0x00000001e89a0000 	/System/Library/Frameworks/OpenGL.framework/Versions/A/Libraries/libGL.dylib
0x00000001e87bc000 	/System/Library/Frameworks/OpenGL.framework/Versions/A/Libraries/libGLImage.dylib
0x00000001e87b0000 	/System/Library/Frameworks/OpenGL.framework/Versions/A/Libraries/libCVMSPluginSupport.dylib
0x00000001e8799000 	/System/Library/Frameworks/OpenGL.framework/Versions/A/Libraries/libCoreVMClient.dylib
0x000000019062c000 	/System/Library/Frameworks/MetalPerformanceShaders.framework/Versions/A/Frameworks/MPSCore.framework/Versions/A/MPSCore
0x00000001917cd000 	/System/Library/Frameworks/MetalPerformanceShaders.framework/Versions/A/Frameworks/MPSImage.framework/Versions/A/MPSImage
0x00000001912bc000 	/System/Library/Frameworks/MetalPerformanceShaders.framework/Versions/A/Frameworks/MPSNeuralNetwork.framework/Versions/A/MPSNeuralNetwork
0x00000001916f5000 	/System/Library/Frameworks/MetalPerformanceShaders.framework/Versions/A/Frameworks/MPSMatrix.framework/Versions/A/MPSMatrix
0x00000001914ce000 	/System/Library/Frameworks/MetalPerformanceShaders.framework/Versions/A/Frameworks/MPSRayIntersector.framework/Versions/A/MPSRayIntersector
0x0000000191726000 	/System/Library/Frameworks/MetalPerformanceShaders.framework/Versions/A/Frameworks/MPSNDArray.framework/Versions/A/MPSNDArray
0x00000001eb29b000 	/System/Library/Frameworks/MetalPerformanceShaders.framework/Versions/A/Frameworks/MPSFunctions.framework/Versions/A/MPSFunctions
0x0000000187814000 	/System/Library/PrivateFrameworks/MetalTools.framework/Versions/A/MetalTools
0x00000001906aa000 	/System/Library/PrivateFrameworks/AggregateDictionary.framework/Versions/A/AggregateDictionary
0x00000001925e0000 	/usr/lib/libIOReport.dylib
0x000000019c902000 	/System/Library/PrivateFrameworks/ASEProcessing.framework/Versions/A/ASEProcessing
0x0000000192955000 	/System/Library/PrivateFrameworks/FaceCore.framework/Versions/A/FaceCore
0x0000000192947000 	/System/Library/PrivateFrameworks/GraphVisualizer.framework/Versions/A/GraphVisualizer
0x00000001f3573000 	/System/Library/PrivateFrameworks/FontServices.framework/Versions/A/FontServices
0x0000000192d68000 	/System/Library/PrivateFrameworks/OTSVG.framework/Versions/A/OTSVG
0x000000018e295000 	/System/Library/Frameworks/ApplicationServices.framework/Versions/A/Frameworks/ATS.framework/Versions/A/Resources/libFontRegistry.dylib
0x0000000192db5000 	/System/Library/PrivateFrameworks/FontServices.framework/libhvf.dylib
0x00000001f3574000 	/System/Library/PrivateFrameworks/FontServices.framework/libXTFontStaticRegistryData.dylib
0x00000001e8b41000 	/System/Library/Frameworks/OpenCL.framework/Versions/A/OpenCL
0x00000001927af000 	/System/Library/PrivateFrameworks/AppleVA.framework/Versions/A/AppleVA
0x0000000194951000 	/System/Library/Frameworks/ApplicationServices.framework/Versions/A/Frameworks/ATS.framework/Versions/A/ATS
0x000000018ccbf000 	/System/Library/Frameworks/ApplicationServices.framework/Versions/A/Frameworks/HIServices.framework/Versions/A/HIServices
0x00000001937b8000 	/System/Library/Frameworks/ApplicationServices.framework/Versions/A/Frameworks/PrintCore.framework/Versions/A/PrintCore
0x0000000194ce8000 	/System/Library/Frameworks/ApplicationServices.framework/Versions/A/Frameworks/QD.framework/Versions/A/QD
0x0000000194ce0000 	/System/Library/Frameworks/ApplicationServices.framework/Versions/A/Frameworks/ColorSyncLegacy.framework/Versions/A/ColorSyncLegacy
0x000000019493d000 	/System/Library/Frameworks/ApplicationServices.framework/Versions/A/Frameworks/SpeechSynthesis.framework/Versions/A/SpeechSynthesis
0x0000000193779000 	/System/Library/Frameworks/ApplicationServices.framework/Versions/A/Frameworks/ATSUI.framework/Versions/A/ATSUI
0x0000000194c75000 	/usr/lib/libcups.2.dylib
0x000000019504f000 	/System/Library/Frameworks/Kerberos.framework/Versions/A/Kerberos
0x0000000195060000 	/System/Library/Frameworks/GSS.framework/Versions/A/GSS
0x00000001949c1000 	/usr/lib/libresolv.9.dylib
0x0000000192dc4000 	/System/Library/PrivateFrameworks/Heimdal.framework/Versions/A/Heimdal
0x000000019bb38000 	/System/Library/Frameworks/Kerberos.framework/Versions/A/Libraries/libHeimdalProxy.dylib
0x000000018d90f000 	/System/Library/Frameworks/Network.framework/Versions/A/Network
0x0000000192816000 	/usr/lib/libheimdal-asn1.dylib
0x00000001950b0000 	/System/Library/PrivateFrameworks/CommonAuth.framework/Versions/A/CommonAuth
0x00000001948b7000 	/System/Library/PrivateFrameworks/AudioSession.framework/Versions/A/AudioSession
0x00000001928a8000 	/System/Library/PrivateFrameworks/MediaExperience.framework/Versions/A/MediaExperience
0x000000019473c000 	/System/Library/PrivateFrameworks/AudioSession.framework/libSessionUtility.dylib
0x0000000194cf4000 	/System/Library/PrivateFrameworks/AudioResourceArbitration.framework/Versions/A/AudioResourceArbitration
0x0000000198eba000 	/System/Library/PrivateFrameworks/PowerLog.framework/Versions/A/PowerLog
0x0000000192820000 	/System/Library/PrivateFrameworks/IconFoundation.framework/Versions/A/IconFoundation
0x0000000197c03000 	/System/Library/PrivateFrameworks/SpeechRecognitionCore.framework/Versions/A/SpeechRecognitionCore
0x0000000103f34000 	/opt/homebrew/Cellar/openjdk/18.0.1.1/libexec/openjdk.jdk/Contents/Home/lib/server/libjvm.dylib
0x00000001030c0000 	/opt/homebrew/Cellar/openjdk/18.0.1.1/libexec/openjdk.jdk/Contents/Home/lib/libjimage.dylib
0x000000010311c000 	/opt/homebrew/Cellar/openjdk/18.0.1.1/libexec/openjdk.jdk/Contents/Home/lib/libjdwp.dylib
0x0000000103164000 	/opt/homebrew/Cellar/openjdk/18.0.1.1/libexec/openjdk.jdk/Contents/Home/lib/libjava.dylib
0x00000001030f0000 	/opt/homebrew/Cellar/openjdk/18.0.1.1/libexec/openjdk.jdk/Contents/Home/lib/libinstrument.dylib
0x00000001031d8000 	/opt/homebrew/Cellar/openjdk/18.0.1.1/libexec/openjdk.jdk/Contents/Home/lib/libzip.dylib
0x0000000103c44000 	/opt/homebrew/Cellar/openjdk/18.0.1.1/libexec/openjdk.jdk/Contents/Home/lib/libdt_socket.dylib
0x0000000103c78000 	/opt/homebrew/Cellar/openjdk/18.0.1.1/libexec/openjdk.jdk/Contents/Home/lib/libnio.dylib
0x0000000103c98000 	/opt/homebrew/Cellar/openjdk/18.0.1.1/libexec/openjdk.jdk/Contents/Home/lib/libnet.dylib
0x0000000103cb8000 	/opt/homebrew/Cellar/openjdk/18.0.1.1/libexec/openjdk.jdk/Contents/Home/lib/libverify.dylib


VM Arguments:
jvm_args: -agentlib:jdwp=transport=dt_socket,address=127.0.0.1:53873,suspend=y,server=n -ea -Didea.test.cyclic.buffer.size=1048576 -javaagent:/Users/pancake/Library/Caches/JetBrains/IdeaIC2022.2/captureAgent/debugger-agent.jar -Dfile.encoding=UTF-8 -Dsun.stdout.encoding=UTF-8 -Dsun.stderr.encoding=UTF-8 
java_command: com.intellij.rt.junit.JUnitStarter -ideVersion5 -junit4 hw3.hash.TestSimpleOomage
java_class_path (initial): /Applications/IntelliJ IDEA CE.app/Contents/lib/idea_rt.jar:/Applications/IntelliJ IDEA CE.app/Contents/plugins/junit/lib/junit5-rt.jar:/Applications/IntelliJ IDEA CE.app/Contents/plugins/junit/lib/junit-rt.jar:/Users/pancake/Desktop/skeleton-sp19/hw3/out/production/hw3:/Users/pancake/Desktop/skeleton-sp19/library-sp19/javalib/algs4.jar:/Users/pancake/Desktop/skeleton-sp19/library-sp19/javalib/hamcrest-core-1.3.jar:/Users/pancake/Desktop/skeleton-sp19/library-sp19/javalib/jh61b.jar:/Users/pancake/Desktop/skeleton-sp19/library-sp19/javalib/junit-4.12.jar:/Users/pancake/Desktop/skeleton-sp19/library-sp19/javalib/stdlib-package.jar:/Users/pancake/Desktop/skeleton-sp19/library-sp19/javalib/stdlib.jar:/Users/pancake/Desktop/skeleton-sp19/library-sp19/javalib/xchart-3.5.1.jar
Launcher Type: SUN_STANDARD

[Global flags]
     intx CICompilerCount                          = 4                                         {product} {ergonomic}
     uint ConcGCThreads                            = 2                                         {product} {ergonomic}
     uint G1ConcRefinementThreads                  = 8                                         {product} {ergonomic}
   size_t G1HeapRegionSize                         = 2097152                                   {product} {ergonomic}
    uintx GCDrainStackTargetSize                   = 64                                        {product} {ergonomic}
   size_t InitialHeapSize                          = 268435456                                 {product} {ergonomic}
   size_t MarkStackSize                            = 4194304                                   {product} {ergonomic}
   size_t MaxHeapSize                              = 4294967296                                {product} {ergonomic}
   size_t MaxNewSize                               = 2575302656                                {product} {ergonomic}
   size_t MinHeapDeltaBytes                        = 2097152                                   {product} {ergonomic}
   size_t MinHeapSize                              = 8388608                                   {product} {ergonomic}
    uintx NonNMethodCodeHeapSize                   = 5839564                                {pd product} {ergonomic}
    uintx NonProfiledCodeHeapSize                  = 122909338                              {pd product} {ergonomic}
    uintx ProfiledCodeHeapSize                     = 122909338                              {pd product} {ergonomic}
    uintx ReservedCodeCacheSize                    = 251658240                              {pd product} {ergonomic}
     bool SegmentedCodeCache                       = true                                      {product} {ergonomic}
   size_t SoftMaxHeapSize                          = 4294967296                             {manageable} {ergonomic}
     bool UseCompressedClassPointers               = true                           {product lp64_product} {ergonomic}
     bool UseCompressedOops                        = true                           {product lp64_product} {ergonomic}
     bool UseG1GC                                  = true                                      {product} {ergonomic}
     bool UseNUMA                                  = false                                     {product} {ergonomic}
     bool UseNUMAInterleaving                      = false                                     {product} {ergonomic}

Logging:
Log output configuration:
 #0: stdout all=warning uptime,level,tags foldmultilines=false
 #1: stderr all=off uptime,level,tags foldmultilines=false

Environment Variables:
PATH=/opt/homebrew/opt/openjdk/bin:/Users/pancake/opt/anaconda3/bin:/Users/pancake/opt/anaconda3/condabin:/Applications/Sublime Text.app/Contents/SharedSupport/bin:/opt/homebrew/bin:/opt/homebrew/sbin:/usr/local/bin:/usr/bin:/bin:/usr/sbin:/sbin:/Library/TeX/texbin
SHELL=/bin/zsh
LC_CTYPE=en_US.UTF-8

Signal Handlers:
   SIGSEGV: _ZL13crash_handleriP9__siginfoPv in libjvm.dylib, mask=11100110000111110111111111111111, flags=SA_RESTART|SA_SIGINFO
    SIGBUS: _ZL13crash_handleriP9__siginfoPv in libjvm.dylib, mask=11100110000111110111111111111111, flags=SA_RESTART|SA_SIGINFO
    SIGFPE: _ZL13crash_handleriP9__siginfoPv in libjvm.dylib, mask=11100110000111110111111111111111, flags=SA_RESTART|SA_SIGINFO
   SIGPIPE: _ZL17javaSignalHandleriP9__siginfoPv in libjvm.dylib, mask=11100110000111110111111111111111, flags=SA_RESTART|SA_SIGINFO
   SIGXFSZ: _ZL17javaSignalHandleriP9__siginfoPv in libjvm.dylib, mask=11100110000111110111111111111111, flags=SA_RESTART|SA_SIGINFO
    SIGILL: _ZL13crash_handleriP9__siginfoPv in libjvm.dylib, mask=11100110000111110111111111111111, flags=SA_RESTART|SA_SIGINFO
   SIGUSR2: _ZL10SR_handleriP9__siginfoP17__darwin_ucontext in libjvm.dylib, mask=00100000000000000000000000000000, flags=SA_RESTART|SA_SIGINFO
    SIGHUP: _ZL11UserHandleriPvS_ in libjvm.dylib, mask=11100110000111110111111111111111, flags=SA_RESTART|SA_SIGINFO
    SIGINT: _ZL11UserHandleriPvS_ in libjvm.dylib, mask=11100110000111110111111111111111, flags=SA_RESTART|SA_SIGINFO
   SIGTERM: _ZL11UserHandleriPvS_ in libjvm.dylib, mask=11100110000111110111111111111111, flags=SA_RESTART|SA_SIGINFO
   SIGQUIT: _ZL11UserHandleriPvS_ in libjvm.dylib, mask=11100110000111110111111111111111, flags=SA_RESTART|SA_SIGINFO
   SIGTRAP: _ZL13crash_handleriP9__siginfoPv in libjvm.dylib, mask=11100110000111110111111111111111, flags=SA_RESTART|SA_SIGINFO


---------------  S Y S T E M  ---------------

OS:
uname: Darwin 21.6.0 Darwin Kernel Version 21.6.0: Wed Aug 10 14:28:25 PDT 2022; root:xnu-8020.141.5~2/RELEASE_ARM64_T8110 arm64
OS uptime: 1 days 2:52 hours
rlimit (soft/hard): STACK 8176k/65520k , CORE 0k/infinity , NPROC 2666/4000 , NOFILE 10240/infinity , AS infinity/infinity , CPU infinity/infinity , DATA infinity/infinity , FSIZE infinity/infinity , MEMLOCK infinity/infinity , RSS infinity/infinity
load average: 1.83 1.62 1.58

CPU: total 8 (initial active 8) 0x61:0x0:0xda33d83d:0, fp, simd, aes, pmull, crc, lse

Memory: 16k page, physical 16777216k(436464k free), swap 0k(0k free)

vm_info: OpenJDK 64-Bit Server VM (18.0.1.1+0) for bsd-aarch64 JRE (18.0.1.1+0), built on May 28 2022 19:55:41 by "brew" with clang Apple LLVM 13.1.6 (clang-1316.0.21.2.5)

END.
